# JRE version: Java(TM) SE Runtime Environment (8.0_101-b13) (build 1.8.0_101-b13)
# Java VM: Java HotSpot(TM) 64-Bit Server VM (25.101-b13 mixed mode windows-amd64 compressed oops)
Heap:
 PSYoungGen      total 212992K, used 35349K [0x00000000eab00000, 0x00000000f9900000, 0x0000000100000000)
  eden space 196096K, 9% used [0x00000000eab00000,0x00000000ebd0cef8,0x00000000f6a80000)
  from space 16896K, 99% used [0x00000000f8080000,0x00000000f90f87d0,0x00000000f9100000)
  to   space 22528K, 0% used [0x00000000f6a80000,0x00000000f6a80000,0x00000000f8080000)
 ParOldGen       total 103936K, used 28594K [0x00000000c0000000, 0x00000000c6580000, 0x00000000eab00000)
  object space 103936K, 27% used [0x00000000c0000000,0x00000000c1beca70,0x00000000c6580000)
 Metaspace       used 47029K, capacity 47802K, committed 47872K, reserved 1091584K
  class space    used 6437K, capacity 6622K, committed 6656K, reserved 1048576K
GC Heap History (10 events):
Event: 8.006 GC heap before
{Heap before GC invocations=6 (full 1):
 PSYoungGen      total 104448K, used 104444K [0x00000000eab00000, 0x00000000f3700000, 0x0000000100000000)
  eden space 99328K, 100% used [0x00000000eab00000,0x00000000f0c00000,0x00000000f0c00000)
  from space 5120K, 99% used [0x00000000f3200000,0x00000000f36ff1c8,0x00000000f3700000)
  to   space 5120K, 0% used [0x00000000f2d00000,0x00000000f2d00000,0x00000000f3200000)
 ParOldGen       total 68096K, used 13907K [0x00000000c0000000, 0x00000000c4280000, 0x00000000eab00000)
  object space 68096K, 20% used [0x00000000c0000000,0x00000000c0d94c18,0x00000000c4280000)
 Metaspace       used 29773K, capacity 30260K, committed 30464K, reserved 1075200K
  class space    used 4103K, capacity 4261K, committed 4352K, reserved 1048576K
Event: 8.064 GC heap after
Heap after GC invocations=6 (full 1):
 PSYoungGen      total 138240K, used 5100K [0x00000000eab00000, 0x00000000f5280000, 0x0000000100000000)
  eden space 133120K, 0% used [0x00000000eab00000,0x00000000eab00000,0x00000000f2d00000)
  from space 5120K, 99% used [0x00000000f2d00000,0x00000000f31fb050,0x00000000f3200000)
  to   space 11264K, 0% used [0x00000000f4780000,0x00000000f4780000,0x00000000f5280000)
 ParOldGen       total 68096K, used 16488K [0x00000000c0000000, 0x00000000c4280000, 0x00000000eab00000)
  object space 68096K, 24% used [0x00000000c0000000,0x00000000c101a330,0x00000000c4280000)
 Metaspace       used 29773K, capacity 30260K, committed 30464K, reserved 1075200K
  class space    used 4103K, capacity 4261K, committed 4352K, reserved 1048576K
}
Event: 10.342 GC heap before
{Heap before GC invocations=7 (full 1):
 PSYoungGen      total 138240K, used 103627K [0x00000000eab00000, 0x00000000f5280000, 0x0000000100000000)
  eden space 133120K, 74% used [0x00000000eab00000,0x00000000f0b37bb8,0x00000000f2d00000)
  from space 5120K, 99% used [0x00000000f2d00000,0x00000000f31fb050,0x00000000f3200000)
  to   space 11264K, 0% used [0x00000000f4780000,0x00000000f4780000,0x00000000f5280000)
 ParOldGen       total 68096K, used 16488K [0x00000000c0000000, 0x00000000c4280000, 0x00000000eab00000)
  object space 68096K, 24% used [0x00000000c0000000,0x00000000c101a330,0x00000000c4280000)
 Metaspace       used 34774K, capacity 35354K, committed 35456K, reserved 1079296K
  class space    used 4793K, capacity 4951K, committed 4992K, reserved 1048576K
Event: 10.384 GC heap after
Heap after GC invocations=7 (full 1):
 PSYoungGen      total 156672K, used 11254K [0x00000000eab00000, 0x00000000f8a00000, 0x0000000100000000)
  eden space 145408K, 0% used [0x00000000eab00000,0x00000000eab00000,0x00000000f3900000)
  from space 11264K, 99% used [0x00000000f4780000,0x00000000f527dab8,0x00000000f5280000)
  to   space 14848K, 0% used [0x00000000f3900000,0x00000000f3900000,0x00000000f4780000)
 ParOldGen       total 68096K, used 19765K [0x00000000c0000000, 0x00000000c4280000, 0x00000000eab00000)
  object space 68096K, 29% used [0x00000000c0000000,0x00000000c134d4b0,0x00000000c4280000)
 Metaspace       used 34774K, capacity 35354K, committed 35456K, reserved 1079296K
  class space    used 4793K, capacity 4951K, committed 4992K, reserved 1048576K
}
Event: 10.384 GC heap before
{Heap before GC invocations=8 (full 2):
 PSYoungGen      total 156672K, used 11254K [0x00000000eab00000, 0x00000000f8a00000, 0x0000000100000000)
  eden space 145408K, 0% used [0x00000000eab00000,0x00000000eab00000,0x00000000f3900000)
  from space 11264K, 99% used [0x00000000f4780000,0x00000000f527dab8,0x00000000f5280000)
  to   space 14848K, 0% used [0x00000000f3900000,0x00000000f3900000,0x00000000f4780000)
 ParOldGen       total 68096K, used 19765K [0x00000000c0000000, 0x00000000c4280000, 0x00000000eab00000)
  object space 68096K, 29% used [0x00000000c0000000,0x00000000c134d4b0,0x00000000c4280000)
 Metaspace       used 34774K, capacity 35354K, committed 35456K, reserved 1079296K
  class space    used 4793K, capacity 4951K, committed 4992K, reserved 1048576K
Event: 10.595 GC heap after
Heap after GC invocations=8 (full 2):
 PSYoungGen      total 156672K, used 0K [0x00000000eab00000, 0x00000000f8a00000, 0x0000000100000000)
  eden space 145408K, 0% used [0x00000000eab00000,0x00000000eab00000,0x00000000f3900000)
  from space 11264K, 0% used [0x00000000f4780000,0x00000000f4780000,0x00000000f5280000)
  to   space 14848K, 0% used [0x00000000f3900000,0x00000000f3900000,0x00000000f4780000)
 ParOldGen       total 103936K, used 21155K [0x00000000c0000000, 0x00000000c6580000, 0x00000000eab00000)
  object space 103936K, 20% used [0x00000000c0000000,0x00000000c14a8f48,0x00000000c6580000)
 Metaspace       used 34774K, capacity 35354K, committed 35456K, reserved 1079296K
  class space    used 4793K, capacity 4951K, committed 4992K, reserved 1048576K
}
Event: 13.497 GC heap before
{Heap before GC invocations=9 (full 2):
 PSYoungGen      total 156672K, used 145408K [0x00000000eab00000, 0x00000000f8a00000, 0x0000000100000000)
  eden space 145408K, 100% used [0x00000000eab00000,0x00000000f3900000,0x00000000f3900000)
  from space 11264K, 0% used [0x00000000f4780000,0x00000000f4780000,0x00000000f5280000)
  to   space 14848K, 0% used [0x00000000f3900000,0x00000000f3900000,0x00000000f4780000)
 ParOldGen       total 103936K, used 21155K [0x00000000c0000000, 0x00000000c6580000, 0x00000000eab00000)
  object space 103936K, 20% used [0x00000000c0000000,0x00000000c14a8f48,0x00000000c6580000)
 Metaspace       used 42874K, capacity 43558K, committed 43776K, reserved 1087488K
  class space    used 5917K, capacity 6071K, committed 6144K, reserved 1048576K
Event: 13.520 GC heap after
Heap after GC invocations=9 (full 2):
 PSYoungGen      total 160256K, used 14235K [0x00000000eab00000, 0x00000000f9100000, 0x0000000100000000)
  eden space 145408K, 0% used [0x00000000eab00000,0x00000000eab00000,0x00000000f3900000)
  from space 14848K, 95% used [0x00000000f3900000,0x00000000f46e6e88,0x00000000f4780000)
  to   space 16896K, 0% used [0x00000000f8080000,0x00000000f8080000,0x00000000f9100000)
 ParOldGen       total 103936K, used 21227K [0x00000000c0000000, 0x00000000c6580000, 0x00000000eab00000)
  object space 103936K, 20% used [0x00000000c0000000,0x00000000c14baf58,0x00000000c6580000)
 Metaspace       used 42874K, capacity 43558K, committed 43776K, reserved 1087488K
  class space    used 5917K, capacity 6071K, committed 6144K, reserved 1048576K
}
Event: 20.096 GC heap before
{Heap before GC invocations=10 (full 2):
 PSYoungGen      total 160256K, used 159643K [0x00000000eab00000, 0x00000000f9100000, 0x0000000100000000)
  eden space 145408K, 100% used [0x00000000eab00000,0x00000000f3900000,0x00000000f3900000)
  from space 14848K, 95% used [0x00000000f3900000,0x00000000f46e6e88,0x00000000f4780000)
  to   space 16896K, 0% used [0x00000000f8080000,0x00000000f8080000,0x00000000f9100000)
 ParOldGen       total 103936K, used 21227K [0x00000000c0000000, 0x00000000c6580000, 0x00000000eab00000)
  object space 103936K, 20% used [0x00000000c0000000,0x00000000c14baf58,0x00000000c6580000)
 Metaspace       used 46982K, capacity 47802K, committed 47872K, reserved 1091584K
  class space    used 6435K, capacity 6622K, committed 6656K, reserved 1048576K
Event: 20.164 GC heap after
Heap after GC invocations=10 (full 2):
 PSYoungGen      total 212992K, used 16865K [0x00000000eab00000, 0x00000000f9900000, 0x0000000100000000)
  eden space 196096K, 0% used [0x00000000eab00000,0x00000000eab00000,0x00000000f6a80000)
  from space 16896K, 99% used [0x00000000f8080000,0x00000000f90f87d0,0x00000000f9100000)
  to   space 22528K, 0% used [0x00000000f6a80000,0x00000000f6a80000,0x00000000f8080000)
 ParOldGen       total 103936K, used 28594K [0x00000000c0000000, 0x00000000c6580000, 0x00000000eab00000)
  object space 103936K, 27% used [0x00000000c0000000,0x00000000c1beca70,0x00000000c6580000)
 Metaspace       used 46982K, capacity 47802K, committed 47872K, reserved 1091584K
  class space    used 6435K, capacity 6622K, committed 6656K, reserved 1048576K
}

