# JRE version: Java(TM) SE Runtime Environment (8.0_101-b13) (build 1.8.0_101-b13)
# Java VM: Java HotSpot(TM) 64-Bit Server VM (25.101-b13 mixed mode windows-amd64 compressed oops)
Heap:
 PSYoungGen      total 190976K, used 43454K [0x00000000eab00000, 0x00000000f8a80000, 0x0000000100000000)
  eden space 166400K, 11% used [0x00000000eab00000,0x00000000ebd713f0,0x00000000f4d80000)
  from space 24576K, 99% used [0x00000000f7280000,0x00000000f8a7e7c8,0x00000000f8a80000)
  to   space 25088K, 0% used [0x00000000f4d80000,0x00000000f4d80000,0x00000000f6600000)
 ParOldGen       total 128512K, used 41687K [0x00000000c0000000, 0x00000000c7d80000, 0x00000000eab00000)
  object space 128512K, 32% used [0x00000000c0000000,0x00000000c28b5d98,0x00000000c7d80000)
 Metaspace       used 56763K, capacity 58802K, committed 59008K, reserved 1099776K
  class space    used 7612K, capacity 8021K, committed 8064K, reserved 1048576K
GC Heap History (10 events):
Event: 22.737 GC heap before
{Heap before GC invocations=13 (full 3):
 PSYoungGen      total 167424K, used 146944K [0x00000000eab00000, 0x00000000f6f80000, 0x0000000100000000)
  eden space 146944K, 100% used [0x00000000eab00000,0x00000000f3a80000,0x00000000f3a80000)
  from space 20480K, 0% used [0x00000000f3a80000,0x00000000f3a80000,0x00000000f4e80000)
  to   space 24064K, 0% used [0x00000000f5800000,0x00000000f5800000,0x00000000f6f80000)
 ParOldGen       total 128512K, used 38906K [0x00000000c0000000, 0x00000000c7d80000, 0x00000000eab00000)
  object space 128512K, 30% used [0x00000000c0000000,0x00000000c25fea30,0x00000000c7d80000)
 Metaspace       used 50247K, capacity 51598K, committed 51840K, reserved 1093632K
  class space    used 6900K, capacity 7193K, committed 7296K, reserved 1048576K
Event: 22.747 GC heap after
Heap after GC invocations=13 (full 3):
 PSYoungGen      total 177664K, used 7211K [0x00000000eab00000, 0x00000000f7900000, 0x0000000100000000)
  eden space 153600K, 0% used [0x00000000eab00000,0x00000000eab00000,0x00000000f4100000)
  from space 24064K, 29% used [0x00000000f5800000,0x00000000f5f0ad68,0x00000000f6f80000)
  to   space 23552K, 0% used [0x00000000f4100000,0x00000000f4100000,0x00000000f5800000)
 ParOldGen       total 128512K, used 38914K [0x00000000c0000000, 0x00000000c7d80000, 0x00000000eab00000)
  object space 128512K, 30% used [0x00000000c0000000,0x00000000c2600a30,0x00000000c7d80000)
 Metaspace       used 50247K, capacity 51598K, committed 51840K, reserved 1093632K
  class space    used 6900K, capacity 7193K, committed 7296K, reserved 1048576K
}
Event: 34.775 GC heap before
{Heap before GC invocations=14 (full 3):
 PSYoungGen      total 177664K, used 160811K [0x00000000eab00000, 0x00000000f7900000, 0x0000000100000000)
  eden space 153600K, 100% used [0x00000000eab00000,0x00000000f4100000,0x00000000f4100000)
  from space 24064K, 29% used [0x00000000f5800000,0x00000000f5f0ad68,0x00000000f6f80000)
  to   space 23552K, 0% used [0x00000000f4100000,0x00000000f4100000,0x00000000f5800000)
 ParOldGen       total 128512K, used 38914K [0x00000000c0000000, 0x00000000c7d80000, 0x00000000eab00000)
  object space 128512K, 30% used [0x00000000c0000000,0x00000000c2600a30,0x00000000c7d80000)
 Metaspace       used 54292K, capacity 55838K, committed 55936K, reserved 1097728K
  class space    used 7362K, capacity 7719K, committed 7808K, reserved 1048576K
Event: 34.816 GC heap after
Heap after GC invocations=14 (full 3):
 PSYoungGen      total 177152K, used 21152K [0x00000000eab00000, 0x00000000f8380000, 0x0000000100000000)
  eden space 153600K, 0% used [0x00000000eab00000,0x00000000eab00000,0x00000000f4100000)
  from space 23552K, 89% used [0x00000000f4100000,0x00000000f55a80b0,0x00000000f5800000)
  to   space 26112K, 0% used [0x00000000f6a00000,0x00000000f6a00000,0x00000000f8380000)
 ParOldGen       total 128512K, used 38922K [0x00000000c0000000, 0x00000000c7d80000, 0x00000000eab00000)
  object space 128512K, 30% used [0x00000000c0000000,0x00000000c2602a30,0x00000000c7d80000)
 Metaspace       used 54292K, capacity 55838K, committed 55936K, reserved 1097728K
  class space    used 7362K, capacity 7719K, committed 7808K, reserved 1048576K
}
Event: 59.456 GC heap before
{Heap before GC invocations=15 (full 3):
 PSYoungGen      total 177152K, used 174752K [0x00000000eab00000, 0x00000000f8380000, 0x0000000100000000)
  eden space 153600K, 100% used [0x00000000eab00000,0x00000000f4100000,0x00000000f4100000)
  from space 23552K, 89% used [0x00000000f4100000,0x00000000f55a80b0,0x00000000f5800000)
  to   space 26112K, 0% used [0x00000000f6a00000,0x00000000f6a00000,0x00000000f8380000)
 ParOldGen       total 128512K, used 38922K [0x00000000c0000000, 0x00000000c7d80000, 0x00000000eab00000)
  object space 128512K, 30% used [0x00000000c0000000,0x00000000c2602a30,0x00000000c7d80000)
 Metaspace       used 55629K, capacity 57366K, committed 57600K, reserved 1099776K
  class space    used 7535K, capacity 7899K, committed 7936K, reserved 1048576K
Event: 59.470 GC heap after
Heap after GC invocations=15 (full 3):
 PSYoungGen      total 187392K, used 8709K [0x00000000eab00000, 0x00000000f7e80000, 0x0000000100000000)
  eden space 166400K, 0% used [0x00000000eab00000,0x00000000eab00000,0x00000000f4d80000)
  from space 20992K, 41% used [0x00000000f6a00000,0x00000000f7281710,0x00000000f7e80000)
  to   space 25088K, 0% used [0x00000000f4d80000,0x00000000f4d80000,0x00000000f6600000)
 ParOldGen       total 128512K, used 38930K [0x00000000c0000000, 0x00000000c7d80000, 0x00000000eab00000)
  object space 128512K, 30% used [0x00000000c0000000,0x00000000c2604a30,0x00000000c7d80000)
 Metaspace       used 55629K, capacity 57366K, committed 57600K, reserved 1099776K
  class space    used 7535K, capacity 7899K, committed 7936K, reserved 1048576K
}
Event: 65.206 GC heap before
{Heap before GC invocations=16 (full 3):
 PSYoungGen      total 187392K, used 175109K [0x00000000eab00000, 0x00000000f7e80000, 0x0000000100000000)
  eden space 166400K, 100% used [0x00000000eab00000,0x00000000f4d80000,0x00000000f4d80000)
  from space 20992K, 41% used [0x00000000f6a00000,0x00000000f7281710,0x00000000f7e80000)
  to   space 25088K, 0% used [0x00000000f4d80000,0x00000000f4d80000,0x00000000f6600000)
 ParOldGen       total 128512K, used 38930K [0x00000000c0000000, 0x00000000c7d80000, 0x00000000eab00000)
  object space 128512K, 30% used [0x00000000c0000000,0x00000000c2604a30,0x00000000c7d80000)
 Metaspace       used 56410K, capacity 58368K, committed 58496K, reserved 1099776K
  class space    used 7601K, capacity 8002K, committed 8064K, reserved 1048576K
Event: 65.233 GC heap after
Heap after GC invocations=16 (full 3):
 PSYoungGen      total 191488K, used 12935K [0x00000000eab00000, 0x00000000f8a80000, 0x0000000100000000)
  eden space 166400K, 0% used [0x00000000eab00000,0x00000000eab00000,0x00000000f4d80000)
  from space 25088K, 51% used [0x00000000f4d80000,0x00000000f5a21dd8,0x00000000f6600000)
  to   space 24576K, 0% used [0x00000000f7280000,0x00000000f7280000,0x00000000f8a80000)
 ParOldGen       total 128512K, used 38938K [0x00000000c0000000, 0x00000000c7d80000, 0x00000000eab00000)
  object space 128512K, 30% used [0x00000000c0000000,0x00000000c2606a30,0x00000000c7d80000)
 Metaspace       used 56410K, capacity 58368K, committed 58496K, reserved 1099776K
  class space    used 7601K, capacity 8002K, committed 8064K, reserved 1048576K
}
Event: 71.173 GC heap before
{Heap before GC invocations=17 (full 3):
 PSYoungGen      total 191488K, used 179335K [0x00000000eab00000, 0x00000000f8a80000, 0x0000000100000000)
  eden space 166400K, 100% used [0x00000000eab00000,0x00000000f4d80000,0x00000000f4d80000)
  from space 25088K, 51% used [0x00000000f4d80000,0x00000000f5a21dd8,0x00000000f6600000)
  to   space 24576K, 0% used [0x00000000f7280000,0x00000000f7280000,0x00000000f8a80000)
 ParOldGen       total 128512K, used 38938K [0x00000000c0000000, 0x00000000c7d80000, 0x00000000eab00000)
  object space 128512K, 30% used [0x00000000c0000000,0x00000000c2606a30,0x00000000c7d80000)
 Metaspace       used 56752K, capacity 58802K, committed 59008K, reserved 1099776K
  class space    used 7612K, capacity 8021K, committed 8064K, reserved 1048576K
Event: 71.251 GC heap after
Heap after GC invocations=17 (full 3):
 PSYoungGen      total 190976K, used 24569K [0x00000000eab00000, 0x00000000f8a80000, 0x0000000100000000)
  eden space 166400K, 0% used [0x00000000eab00000,0x00000000eab00000,0x00000000f4d80000)
  from space 24576K, 99% used [0x00000000f7280000,0x00000000f8a7e7c8,0x00000000f8a80000)
  to   space 25088K, 0% used [0x00000000f4d80000,0x00000000f4d80000,0x00000000f6600000)
 ParOldGen       total 128512K, used 41687K [0x00000000c0000000, 0x00000000c7d80000, 0x00000000eab00000)
  object space 128512K, 32% used [0x00000000c0000000,0x00000000c28b5d98,0x00000000c7d80000)
 Metaspace       used 56752K, capacity 58802K, committed 59008K, reserved 1099776K
  class space    used 7612K, capacity 8021K, committed 8064K, reserved 1048576K
}

