# JRE version: Java(TM) SE Runtime Environment (8.0_101-b13) (build 1.8.0_101-b13)
# Java VM: Java HotSpot(TM) 64-Bit Server VM (25.101-b13 mixed mode windows-amd64 compressed oops)
Heap:
 PSYoungGen      total 139776K, used 27123K [0x00000000eab00000, 0x00000000f6000000, 0x0000000100000000)
  eden space 125952K, 11% used [0x00000000eab00000,0x00000000eb945858,0x00000000f2600000)
  from space 13824K, 90% used [0x00000000f2600000,0x00000000f32374d0,0x00000000f3380000)
  to   space 15360K, 0% used [0x00000000f5100000,0x00000000f5100000,0x00000000f6000000)
 ParOldGen       total 105472K, used 18935K [0x00000000c0000000, 0x00000000c6700000, 0x00000000eab00000)
  object space 105472K, 17% used [0x00000000c0000000,0x00000000c127dcd8,0x00000000c6700000)
 Metaspace       used 42600K, capacity 43332K, committed 43520K, reserved 1087488K
  class space    used 5862K, capacity 6038K, committed 6144K, reserved 1048576K
GC Heap History (10 events):
Event: 6.865 GC heap before
{Heap before GC invocations=7 (full 1):
 PSYoungGen      total 71680K, used 71665K [0x00000000eab00000, 0x00000000f1a00000, 0x0000000100000000)
  eden space 66560K, 100% used [0x00000000eab00000,0x00000000eec00000,0x00000000eec00000)
  from space 5120K, 99% used [0x00000000eec00000,0x00000000ef0fc768,0x00000000ef100000)
  to   space 10240K, 0% used [0x00000000f1000000,0x00000000f1000000,0x00000000f1a00000)
 ParOldGen       total 67072K, used 12585K [0x00000000c0000000, 0x00000000c4180000, 0x00000000eab00000)
  object space 67072K, 18% used [0x00000000c0000000,0x00000000c0c4a430,0x00000000c4180000)
 Metaspace       used 27851K, capacity 28326K, committed 28672K, reserved 1073152K
  class space    used 3867K, capacity 4019K, committed 4096K, reserved 1048576K
Event: 6.879 GC heap after
Heap after GC invocations=7 (full 1):
 PSYoungGen      total 103424K, used 4844K [0x00000000eab00000, 0x00000000f1a00000, 0x0000000100000000)
  eden space 93184K, 0% used [0x00000000eab00000,0x00000000eab00000,0x00000000f0600000)
  from space 10240K, 47% used [0x00000000f1000000,0x00000000f14bb300,0x00000000f1a00000)
  to   space 10240K, 0% used [0x00000000f0600000,0x00000000f0600000,0x00000000f1000000)
 ParOldGen       total 67072K, used 12593K [0x00000000c0000000, 0x00000000c4180000, 0x00000000eab00000)
  object space 67072K, 18% used [0x00000000c0000000,0x00000000c0c4c430,0x00000000c4180000)
 Metaspace       used 27851K, capacity 28326K, committed 28672K, reserved 1073152K
  class space    used 3867K, capacity 4019K, committed 4096K, reserved 1048576K
}
Event: 11.568 GC heap before
{Heap before GC invocations=8 (full 1):
 PSYoungGen      total 103424K, used 98028K [0x00000000eab00000, 0x00000000f1a00000, 0x0000000100000000)
  eden space 93184K, 100% used [0x00000000eab00000,0x00000000f0600000,0x00000000f0600000)
  from space 10240K, 47% used [0x00000000f1000000,0x00000000f14bb300,0x00000000f1a00000)
  to   space 10240K, 0% used [0x00000000f0600000,0x00000000f0600000,0x00000000f1000000)
 ParOldGen       total 67072K, used 12593K [0x00000000c0000000, 0x00000000c4180000, 0x00000000eab00000)
  object space 67072K, 18% used [0x00000000c0000000,0x00000000c0c4c430,0x00000000c4180000)
 Metaspace       used 33463K, capacity 33990K, committed 34304K, reserved 1079296K
  class space    used 4591K, capacity 4752K, committed 4864K, reserved 1048576K
Event: 11.597 GC heap after
Heap after GC invocations=8 (full 1):
 PSYoungGen      total 103424K, used 10233K [0x00000000eab00000, 0x00000000f3f80000, 0x0000000100000000)
  eden space 93184K, 0% used [0x00000000eab00000,0x00000000eab00000,0x00000000f0600000)
  from space 10240K, 99% used [0x00000000f0600000,0x00000000f0ffe498,0x00000000f1000000)
  to   space 12288K, 0% used [0x00000000f3380000,0x00000000f3380000,0x00000000f3f80000)
 ParOldGen       total 67072K, used 13997K [0x00000000c0000000, 0x00000000c4180000, 0x00000000eab00000)
  object space 67072K, 20% used [0x00000000c0000000,0x00000000c0dab6d8,0x00000000c4180000)
 Metaspace       used 33463K, capacity 33990K, committed 34304K, reserved 1079296K
  class space    used 4591K, capacity 4752K, committed 4864K, reserved 1048576K
}
Event: 12.556 GC heap before
{Heap before GC invocations=9 (full 1):
 PSYoungGen      total 103424K, used 46782K [0x00000000eab00000, 0x00000000f3f80000, 0x0000000100000000)
  eden space 93184K, 39% used [0x00000000eab00000,0x00000000eceb1468,0x00000000f0600000)
  from space 10240K, 99% used [0x00000000f0600000,0x00000000f0ffe498,0x00000000f1000000)
  to   space 12288K, 0% used [0x00000000f3380000,0x00000000f3380000,0x00000000f3f80000)
 ParOldGen       total 67072K, used 13997K [0x00000000c0000000, 0x00000000c4180000, 0x00000000eab00000)
  object space 67072K, 20% used [0x00000000c0000000,0x00000000c0dab6d8,0x00000000c4180000)
 Metaspace       used 34757K, capacity 35358K, committed 35456K, reserved 1079296K
  class space    used 4788K, capacity 4951K, committed 4992K, reserved 1048576K
Event: 12.623 GC heap after
Heap after GC invocations=9 (full 1):
 PSYoungGen      total 138240K, used 12154K [0x00000000eab00000, 0x00000000f5680000, 0x0000000100000000)
  eden space 125952K, 0% used [0x00000000eab00000,0x00000000eab00000,0x00000000f2600000)
  from space 12288K, 98% used [0x00000000f3380000,0x00000000f3f5e808,0x00000000f3f80000)
  to   space 13824K, 0% used [0x00000000f2600000,0x00000000f2600000,0x00000000f3380000)
 ParOldGen       total 67072K, used 13997K [0x00000000c0000000, 0x00000000c4180000, 0x00000000eab00000)
  object space 67072K, 20% used [0x00000000c0000000,0x00000000c0dab6d8,0x00000000c4180000)
 Metaspace       used 34757K, capacity 35358K, committed 35456K, reserved 1079296K
  class space    used 4788K, capacity 4951K, committed 4992K, reserved 1048576K
}
Event: 12.623 GC heap before
{Heap before GC invocations=10 (full 2):
 PSYoungGen      total 138240K, used 12154K [0x00000000eab00000, 0x00000000f5680000, 0x0000000100000000)
  eden space 125952K, 0% used [0x00000000eab00000,0x00000000eab00000,0x00000000f2600000)
  from space 12288K, 98% used [0x00000000f3380000,0x00000000f3f5e808,0x00000000f3f80000)
  to   space 13824K, 0% used [0x00000000f2600000,0x00000000f2600000,0x00000000f3380000)
 ParOldGen       total 67072K, used 13997K [0x00000000c0000000, 0x00000000c4180000, 0x00000000eab00000)
  object space 67072K, 20% used [0x00000000c0000000,0x00000000c0dab6d8,0x00000000c4180000)
 Metaspace       used 34757K, capacity 35358K, committed 35456K, reserved 1079296K
  class space    used 4788K, capacity 4951K, committed 4992K, reserved 1048576K
Event: 13.046 GC heap after
Heap after GC invocations=10 (full 2):
 PSYoungGen      total 138240K, used 0K [0x00000000eab00000, 0x00000000f5680000, 0x0000000100000000)
  eden space 125952K, 0% used [0x00000000eab00000,0x00000000eab00000,0x00000000f2600000)
  from space 12288K, 0% used [0x00000000f3380000,0x00000000f3380000,0x00000000f3f80000)
  to   space 13824K, 0% used [0x00000000f2600000,0x00000000f2600000,0x00000000f3380000)
 ParOldGen       total 105472K, used 18863K [0x00000000c0000000, 0x00000000c6700000, 0x00000000eab00000)
  object space 105472K, 17% used [0x00000000c0000000,0x00000000c126bcc8,0x00000000c6700000)
 Metaspace       used 34757K, capacity 35358K, committed 35456K, reserved 1079296K
  class space    used 4788K, capacity 4951K, committed 4992K, reserved 1048576K
}
Event: 18.010 GC heap before
{Heap before GC invocations=11 (full 2):
 PSYoungGen      total 138240K, used 125952K [0x00000000eab00000, 0x00000000f5680000, 0x0000000100000000)
  eden space 125952K, 100% used [0x00000000eab00000,0x00000000f2600000,0x00000000f2600000)
  from space 12288K, 0% used [0x00000000f3380000,0x00000000f3380000,0x00000000f3f80000)
  to   space 13824K, 0% used [0x00000000f2600000,0x00000000f2600000,0x00000000f3380000)
 ParOldGen       total 105472K, used 18863K [0x00000000c0000000, 0x00000000c6700000, 0x00000000eab00000)
  object space 105472K, 17% used [0x00000000c0000000,0x00000000c126bcc8,0x00000000c6700000)
 Metaspace       used 42258K, capacity 43006K, committed 43136K, reserved 1087488K
  class space    used 5798K, capacity 5973K, committed 6016K, reserved 1048576K
Event: 18.038 GC heap after
Heap after GC invocations=11 (full 2):
 PSYoungGen      total 139776K, used 12509K [0x00000000eab00000, 0x00000000f6000000, 0x0000000100000000)
  eden space 125952K, 0% used [0x00000000eab00000,0x00000000eab00000,0x00000000f2600000)
  from space 13824K, 90% used [0x00000000f2600000,0x00000000f32374d0,0x00000000f3380000)
  to   space 15360K, 0% used [0x00000000f5100000,0x00000000f5100000,0x00000000f6000000)
 ParOldGen       total 105472K, used 18935K [0x00000000c0000000, 0x00000000c6700000, 0x00000000eab00000)
  object space 105472K, 17% used [0x00000000c0000000,0x00000000c127dcd8,0x00000000c6700000)
 Metaspace       used 42258K, capacity 43006K, committed 43136K, reserved 1087488K
  class space    used 5798K, capacity 5973K, committed 6016K, reserved 1048576K
}

